                        .module main.c
                        .area text(rom, con, rel)
 0000                   .dbfile ./main.c
 0000                   .dbfile C:\Dropbox\DOCUME~1\School\SENIOR~3\ESE366~1\lab\lab2\lab2\main.c
 0000                   .dbfunc e main _main fV
 0000           _main::
 0000                   .dbline -1
 0000                   .dbline 10
 0000           ; //----------------------------------------------------------------------------
 0000           ; // C main line
 0000           ; //----------------------------------------------------------------------------
 0000           ; 
 0000           ; #include <m8c.h>        // part specific constants and macros
 0000           ; #include "PSoCAPI.h"    // PSoC API definitions for all User Modules
 0000           ; 
 0000           ; 
 0000           ; void main(void)
 0000           ; {
 0000                   .dbline -2
 0000           L1:
 0000                   .dbline 0 ; func end
 0000 8FFF              jmp .
 0002                   .dbend
