                        .module main.c
                        .area text(rom, con, rel)
 0000                   .dbfile ./main.c
 0000                   .dbfile C:\Dropbox\DOCUME~1\School\SENIOR~3\ESE366~1\lab\Lab3B\Lab3B\main.c
 0000                   .dbfunc e main _main fV
 0000           _main::
 0000                   .dbline -1
 0000                   .dbline 10
 0000           ; //----------------------------------------------------------------------------
 0000           ; // C main line
 0000           ; //----------------------------------------------------------------------------
 0000           ; 
 0000           ; #include <m8c.h>        // part specific constants and macros
 0000           ; #include "PSoCAPI.h"    // PSoC API definitions for all User Modules
 0000           ; 
 0000           ; 
 0000           ; void main(void)
 0000           ; {
 0000                   .dbline 11
 0000           ;       PWM8_1_Start();
 0000 10                push X
 0001 7C0000            xcall _PWM8_1_Start
 0004 20                pop X
 0005           L2:
 0005                   .dbline 15
 0005           ; 
 0005           ;       // M8C_EnableGInt ; // Uncomment this line to enable Global Interrupts
 0005           ;       // Insert your main routine code here.
 0005           ;       while (1);
 0005           L3:
 0005                   .dbline 15
 0005 8FFF              xjmp L2
 0007           X0:
 0007                   .dbline -2
 0007           L1:
 0007                   .dbline 0 ; func end
 0007 8FFF              jmp .
 0009                   .dbend
